

times in msec
 clock   self+sourced   self:  sourced script
 clock   elapsed:              other lines

000.023  000.023: --- NVIM STARTING ---
000.587  000.564: locale set
001.538  000.951: inits 1
001.567  000.029: window checked
002.063  000.496: parsing arguments
002.070  000.006: expanding arguments
002.201  000.131: inits 2
003.779  001.579: init highlight
009.287  005.019  005.019: sourcing /home/dave/.config/nvim/autoload/plug.vim
011.144  000.144  000.144: sourcing /home/dave/.config/nvim/filetype.vim
031.616  020.327  020.327: sourcing /usr/share/nvim/runtime/filetype.vim
031.798  000.048  000.048: sourcing /usr/share/nvim/runtime/ftplugin.vim
031.937  000.040  000.040: sourcing /usr/share/nvim/runtime/indent.vim
032.524  000.331  000.331: sourcing /usr/share/nvim/runtime/syntax/syncolor.vim
032.671  000.567  000.236: sourcing /usr/share/nvim/runtime/syntax/synload.vim
032.709  000.689  000.122: sourcing /usr/share/nvim/runtime/syntax/syntax.vim
032.730  028.534  002.267: sourcing /home/dave/.config/nvim/config_dw_after/plugged.vim
033.183  000.225  000.225: sourcing /home/dave/.config/nvim/config/init.vim
033.276  000.020  000.020: sourcing /home/dave/.config/nvim/config/neovim.vim
033.722  000.294  000.294: sourcing /home/dave/.cache/vim/dein/repos/github.com/Shougo/dein.vim/autoload/dein.vim
036.885  000.833  000.833: sourcing /usr/share/nvim/runtime/ftoff.vim
086.476  052.576  051.743: sourcing /home/dave/.cache/vim/dein/state_nvim.vim
088.936  002.294  002.294: sourcing /home/dave/.config/nvim/config/plugins/all.vim
089.099  000.102  000.102: sourcing /home/dave/.config/nvim/filetype.vim
106.460  001.922  001.922: sourcing /home/dave/.cache/vim/dein/.cache/init.vim/.dein/ftdetect/ftdetect.vim
106.669  017.448  015.526: sourcing /usr/share/nvim/runtime/filetype.vim
106.823  000.019  000.019: sourcing /usr/share/nvim/runtime/ftplugin.vim
106.953  000.014  000.014: sourcing /usr/share/nvim/runtime/indent.vim
107.205  000.139  000.139: sourcing /usr/share/nvim/runtime/syntax/nosyntax.vim
107.593  000.198  000.198: sourcing /usr/share/nvim/runtime/syntax/syncolor.vim
107.741  000.446  000.248: sourcing /usr/share/nvim/runtime/syntax/synload.vim
107.778  000.753  000.168: sourcing /usr/share/nvim/runtime/syntax/syntax.vim
108.348  000.291  000.291: sourcing /usr/share/nvim/runtime/autoload/provider/clipboard.vim
108.686  000.823  000.532: sourcing /home/dave/.config/nvim/config/general.vim
109.024  000.217  000.217: sourcing /home/dave/.config/nvim/config/filetype.vim
110.110  000.974  000.974: sourcing /home/dave/.config/nvim/config/mappings.vim
111.046  000.246  000.246: sourcing /usr/share/nvim/runtime/syntax/syncolor.vim
112.248  000.241  000.241: sourcing /usr/share/nvim/runtime/syntax/syncolor.vim
112.918  000.240  000.240: sourcing /usr/share/nvim/runtime/syntax/syncolor.vim
115.390  003.929  003.448: sourcing /home/dave/.cache/vim/dein/.cache/init.vim/.dein/colors/hybrid.vim
116.066  000.614  000.614: sourcing /home/dave/.config/nvim/themes/rafi-2017.vim
120.075  009.830  005.040: sourcing /home/dave/.config/nvim/config/theme.vim
120.135  087.369  001.781: sourcing /home/dave/.config/nvim/config/vimrc
120.382  000.079  000.079: sourcing /home/dave/.config/nvim/autoload/dway/base.vim
121.624  000.102  000.102: sourcing /home/dave/.config/nvim/config_dw_after/autocompletion.vim
122.006  000.338  000.338: sourcing /home/dave/.config/nvim/config_dw_after/commands.vim
122.489  000.393  000.393: sourcing /home/dave/.config/nvim/config_dw_after/ftsettings.vim
123.982  001.408  001.408: sourcing /home/dave/.config/nvim/config_dw_after/mappings.vim
124.070  000.017  000.017: sourcing /home/dave/.config/nvim/config_dw_after/pandoc.vim
126.958  001.570  001.570: sourcing /usr/share/nvim/runtime/ftoff.vim
128.293  000.257  000.257: sourcing /home/dave/.config/nvim/filetype.vim
147.666  001.745  001.745: sourcing /home/dave/.cache/vim/dein/.cache/init.vim/.dein/ftdetect/ftdetect.vim
147.852  019.331  017.586: sourcing /usr/share/nvim/runtime/filetype.vim
147.989  000.018  000.018: sourcing /usr/share/nvim/runtime/ftplugin.vim
148.165  000.015  000.015: sourcing /usr/share/nvim/runtime/indent.vim
148.244  024.116  002.925: sourcing /home/dave/.config/nvim/config_dw_after/plugged.vim
148.346  000.071  000.071: sourcing /home/dave/.config/nvim/config_dw_after/quickfiles.vim
148.461  000.085  000.085: sourcing /home/dave/.config/nvim/config_dw_after/settings.vim
148.683  000.190  000.190: sourcing /home/dave/.config/nvim/config_dw_after/terminal_nvim.vim
149.229  000.198  000.198: sourcing /home/dave/.config/nvim/config_dw_after/plugins/neomake.vim
149.286  000.024  000.024: sourcing /home/dave/.config/nvim/config_dw_after/plugins/nvim_ipy.vim
149.438  000.125  000.125: sourcing /home/dave/.config/nvim/config_dw_after/plugins/tagbar.vim
149.503  000.034  000.034: sourcing /home/dave/.config/nvim/config_dw_after/plugins/ultisnips.vim
149.548  000.014  000.014: sourcing /home/dave/.config/nvim/config_dw_after/plugins/vbugger.vim
149.656  000.080  000.080: sourcing /home/dave/.config/nvim/config_dw_after/plugins/vimwiki.vim
149.674  029.454  002.180: sourcing /home/dave/.config/nvim/load_dw.vim
149.781  000.076  000.076: sourcing /home/dave/Dropbox/ActiveHome/.settings/quickfiles.vim
150.851  000.268  000.268: sourcing /usr/share/nvim/runtime/syntax/syncolor.vim
151.801  000.275  000.275: sourcing /usr/share/nvim/runtime/syntax/syncolor.vim
154.382  004.443  003.901: sourcing /home/dave/.cache/vim/dein/.cache/init.vim/.dein/colors/hybrid.vim
155.042  000.592  000.592: sourcing /home/dave/.config/nvim/themes/rafi-2017.vim
158.504  000.301  000.301: sourcing /usr/share/nvim/runtime/syntax/syncolor.vim
159.412  000.290  000.290: sourcing /usr/share/nvim/runtime/syntax/syncolor.vim
161.873  004.370  003.779: sourcing /home/dave/.cache/vim/dein/.cache/init.vim/.dein/colors/hybrid.vim
162.525  000.579  000.579: sourcing /home/dave/.config/nvim/themes/rafi-2017.vim
165.310  161.364  005.946: sourcing /home/dave/.config/nvim/init.vim
165.319  000.176: sourcing vimrc file(s)
165.880  000.045  000.045: sourcing /home/dave/.cache/vim/dein/.cache/init.vim/.dein/autoload/vimfiler/custom.vim
166.013  000.398  000.352: sourcing /home/dave/.config/nvim/plugin/dwc-vimfiler.vim
166.231  000.196  000.196: sourcing /home/dave/.config/nvim/plugin/hlsearch.vim
166.402  000.139  000.139: sourcing /home/dave/.config/nvim/plugin/sessions.vim
166.780  000.351  000.351: sourcing /home/dave/.config/nvim/plugin/vault.vim
166.927  000.119  000.119: sourcing /home/dave/.config/nvim/plugin/whitespace.vim
168.069  001.049  001.049: sourcing /home/dave/.fzf/plugin/fzf.vim
169.325  000.096  000.096: sourcing /home/dave/.cache/vim/dein/.cache/init.vim/.dein/plugin/SyntaxRange.vim
169.852  000.125  000.125: sourcing /usr/share/nvim/runtime/autoload/provider/pythonx.vim
170.383  000.349  000.349: sourcing /usr/share/nvim/runtime/autoload/remote/host.vim
170.601  001.028  000.554: sourcing /usr/share/nvim/runtime/autoload/provider/python3.vim
171.029  000.163  000.163: sourcing /home/dave/.cache/vim/dein/.cache/init.vim/.dein/autoload/UltiSnips/map_keys.vim
171.201  001.842  000.651: sourcing /home/dave/.cache/vim/dein/.cache/init.vim/.dein/plugin/UltiSnips.vim
171.551  000.320  000.320: sourcing /home/dave/.cache/vim/dein/.cache/init.vim/.dein/plugin/ack.vim
173.214  001.632  001.632: sourcing /home/dave/.cache/vim/dein/.cache/init.vim/.dein/plugin/asyncrun.vim
175.059  001.806  001.806: sourcing /home/dave/.cache/vim/dein/.cache/init.vim/.dein/plugin/bufkill.vim
175.094  000.008  000.008: sourcing /home/dave/.cache/vim/dein/.cache/init.vim/.dein/plugin/buildit.vim
175.217  000.106  000.106: sourcing /home/dave/.cache/vim/dein/.cache/init.vim/.dein/plugin/cursorword.vim
175.517  000.276  000.276: sourcing /home/dave/.cache/vim/dein/.cache/init.vim/.dein/plugin/ditto.vim
176.644  001.105  001.105: sourcing /home/dave/.cache/vim/dein/.cache/init.vim/.dein/plugin/fzf.vim
176.770  000.102  000.102: sourcing /home/dave/.cache/vim/dein/.cache/init.vim/.dein/plugin/gitbranch.vim
177.419  000.216  000.216: sourcing /home/dave/.cache/vim/dein/repos/github.com/Shougo/dein.vim/autoload/dein/autoload.vim
177.649  000.853  000.637: sourcing /home/dave/.cache/vim/dein/.cache/init.vim/.dein/plugin/grammarous.vim
177.797  000.127  000.127: sourcing /home/dave/.cache/vim/dein/.cache/init.vim/.dein/plugin/localrc.vim
177.937  000.116  000.116: sourcing /home/dave/.cache/vim/dein/.cache/init.vim/.dein/plugin/parenmatch.vim
178.345  000.252  000.252: sourcing /home/dave/.cache/vim/dein/.cache/init.vim/.dein/autoload/peekaboo.vim
178.406  000.446  000.195: sourcing /home/dave/.cache/vim/dein/.cache/init.vim/.dein/plugin/peekaboo.vim
178.555  000.017  000.017: sourcing /home/dave/.cache/vim/dein/.cache/init.vim/.dein/autoload/xolox/misc.vim
178.734  000.305  000.289: sourcing /home/dave/.cache/vim/dein/.cache/init.vim/.dein/plugin/shell.vim
179.086  000.076  000.076: sourcing /usr/share/nvim/runtime/indoff.vim
179.174  000.017  000.017: sourcing /home/dave/.config/nvim/filetype.vim
179.257  000.015  000.015: sourcing /usr/share/nvim/runtime/filetype.vim
179.412  000.046  000.046: sourcing /usr/share/nvim/runtime/indent.vim
179.464  000.707  000.552: sourcing /home/dave/.cache/vim/dein/.cache/init.vim/.dein/plugin/sleuth.vim
180.447  000.965  000.965: sourcing /home/dave/.cache/vim/dein/.cache/init.vim/.dein/plugin/speeddating.vim
180.735  000.264  000.264: sourcing /home/dave/.cache/vim/dein/.cache/init.vim/.dein/plugin/tmux_navigator.vim
181.311  000.383  000.383: sourcing /home/dave/.cache/vim/dein/.cache/init.vim/.dein/autoload/unite/custom.vim
181.461  000.702  000.320: sourcing /home/dave/.cache/vim/dein/.cache/init.vim/.dein/plugin/unite/bookmark.vim
181.582  000.098  000.098: sourcing /home/dave/.cache/vim/dein/.cache/init.vim/.dein/plugin/unite/buffer.vim
181.711  000.102  000.102: sourcing /home/dave/.cache/vim/dein/.cache/init.vim/.dein/plugin/unite/window.vim
181.993  000.260  000.260: sourcing /home/dave/.cache/vim/dein/.cache/init.vim/.dein/plugin/unite.vim
183.116  001.100  001.100: sourcing /home/dave/.cache/vim/dein/.cache/init.vim/.dein/plugin/utl.vim
183.413  000.272  000.272: sourcing /home/dave/.cache/vim/dein/.cache/init.vim/.dein/plugin/utl_rc.vim
183.850  000.415  000.415: sourcing /home/dave/.cache/vim/dein/.cache/init.vim/.dein/plugin/utl_scm.vim
184.084  000.210  000.210: sourcing /home/dave/.cache/vim/dein/.cache/init.vim/.dein/plugin/utl_uri.vim
184.413  000.306  000.306: sourcing /home/dave/.cache/vim/dein/.cache/init.vim/.dein/plugin/vimfiler.vim
184.484  000.047  000.047: sourcing /home/dave/.cache/vim/dein/.cache/init.vim/.dein/plugin/vimsnippets.vim
184.778  000.274  000.274: sourcing /home/dave/.cache/vim/dein/.cache/init.vim/.dein/plugin/wordy.vim
184.845  000.043  000.043: sourcing /home/dave/.cache/vim/dein/.cache/init.vim/.dein/plugin/xolox/misc.vim
185.187  000.021  000.021: sourcing /usr/share/nvim/runtime/plugin/gui_shim.vim
185.226  000.020  000.020: sourcing /usr/share/nvim/runtime/plugin/gzip.vim
185.263  000.019  000.019: sourcing /usr/share/nvim/runtime/plugin/health.vim
185.352  000.072  000.072: sourcing /usr/share/nvim/runtime/plugin/man.vim
185.407  000.034  000.034: sourcing /usr/share/nvim/runtime/plugin/matchit.vim
185.444  000.020  000.020: sourcing /usr/share/nvim/runtime/plugin/matchparen.vim
185.489  000.028  000.028: sourcing /usr/share/nvim/runtime/plugin/netrwPlugin.vim
186.281  000.285  000.285: sourcing /usr/share/nvim/runtime/autoload/remote/define.vim
187.262  001.524  001.239: sourcing /home/dave/.local/share/nvim/rplugin.vim
187.272  001.766  000.242: sourcing /usr/share/nvim/runtime/plugin/rplugin.vim
187.311  000.020  000.020: sourcing /usr/share/nvim/runtime/plugin/rrhelper.vim
187.344  000.015  000.015: sourcing /usr/share/nvim/runtime/plugin/shada.vim
187.377  000.016  000.016: sourcing /usr/share/nvim/runtime/plugin/spellfile.vim
187.421  000.027  000.027: sourcing /usr/share/nvim/runtime/plugin/tarPlugin.vim
187.482  000.042  000.042: sourcing /usr/share/nvim/runtime/plugin/tohtml.vim
187.519  000.020  000.020: sourcing /usr/share/nvim/runtime/plugin/tutor.vim
187.565  000.028  000.028: sourcing /usr/share/nvim/runtime/plugin/zipPlugin.vim
187.660  000.024  000.024: sourcing /home/dave/.fzf/plugin/fzf.vim
187.686  003.038: loading plugins
187.826  000.140: loading packages
188.128  000.205  000.205: sourcing /home/dave/.cache/vim/dein/.cache/init.vim/.dein/after/plugin/UltiSnips_after.vim
188.738  000.575  000.575: sourcing /home/dave/.cache/vim/dein/.cache/init.vim/.dein/after/plugin/indentLine.vim
188.861  000.254: loading after plugins
188.887  000.026: inits 3
190.891  002.004: clearing screen
191.855  000.107  000.107: sourcing /home/dave/.cache/vim/dein/.cache/init.vim/.dein/autoload/parenmatch.vim
192.751  001.753: opening buffers
193.118  000.082  000.082: sourcing /home/dave/.cache/vim/dein/.cache/init.vim/.dein/autoload/cursorword.vim
193.302  000.076  000.076: sourcing /home/dave/.cache/vim/dein/.cache/init.vim/.dein/autoload/gitbranch.vim
193.544  000.635: BufEnter autocommands
193.549  000.005: editing files in windows
193.894  000.093  000.093: sourcing /home/dave/.cache/vim/dein/.cache/init.vim/.dein/autoload/localrc.vim
194.426  000.784: VimEnter autocommands
194.431  000.005: before starting main loop
195.105  000.287  000.287: sourcing /home/dave/.cache/vim/dein/.cache/init.vim/.dein/autoload/badge.vim
198.758  004.040: first screen update
198.764  000.006: --- NVIM STARTED ---


times in msec
 clock   self+sourced   self:  sourced script
 clock   elapsed:              other lines

000.023  000.023: --- NVIM STARTING ---
000.565  000.542: locale set
001.531  000.966: inits 1
001.561  000.030: window checked
002.067  000.505: parsing arguments
002.073  000.007: expanding arguments
002.176  000.102: inits 2
004.019  001.844: init highlight
009.425  004.917  004.917: sourcing /home/dave/.config/nvim/autoload/plug.vim
011.557  000.259  000.259: sourcing /home/dave/.config/nvim/filetype.vim
030.048  018.328  018.328: sourcing /usr/share/nvim/runtime/filetype.vim
030.261  000.068  000.068: sourcing /usr/share/nvim/runtime/ftplugin.vim
030.438  000.050  000.050: sourcing /usr/share/nvim/runtime/indent.vim
031.184  000.400  000.400: sourcing /usr/share/nvim/runtime/syntax/syncolor.vim
031.358  000.677  000.278: sourcing /usr/share/nvim/runtime/syntax/synload.vim
031.397  000.845  000.167: sourcing /usr/share/nvim/runtime/syntax/syntax.vim
031.441  027.004  002.537: sourcing /home/dave/.config/nvim/config_dw_after/plugged.vim
031.943  000.233  000.233: sourcing /home/dave/.config/nvim/config/init.vim
032.037  000.020  000.020: sourcing /home/dave/.config/nvim/config/neovim.vim
032.482  000.294  000.294: sourcing /home/dave/.cache/vim/dein/repos/github.com/Shougo/dein.vim/autoload/dein.vim
033.057  000.255  000.255: sourcing /home/dave/.cache/vim/dein/repos/github.com/Shougo/dein.vim/autoload/dein/autoload.vim
033.706  000.488  000.488: sourcing /home/dave/.cache/vim/dein/repos/github.com/Shougo/dein.vim/autoload/dein/util.vim
034.795  000.832  000.832: sourcing /usr/share/nvim/runtime/ftoff.vim
204.866  000.828  000.828: sourcing /home/dave/.cache/vim/dein/repos/github.com/Shougo/dein.vim/autoload/dein/types/git.vim
205.420  001.768  000.940: sourcing /home/dave/.cache/vim/dein/repos/github.com/Shougo/dein.vim/autoload/dein/parse.vim
397.783  002.838  002.838: sourcing /home/dave/.config/nvim/config/plugins/all.vim
397.966  000.119  000.119: sourcing /home/dave/.config/nvim/filetype.vim
419.725  001.589  001.589: sourcing /home/dave/.cache/vim/dein/.cache/init.vim/.dein/ftdetect/ftdetect.vim
419.909  021.835  020.246: sourcing /usr/share/nvim/runtime/filetype.vim
420.046  000.017  000.017: sourcing /usr/share/nvim/runtime/ftplugin.vim
420.170  000.013  000.013: sourcing /usr/share/nvim/runtime/indent.vim
420.420  000.136  000.136: sourcing /usr/share/nvim/runtime/syntax/nosyntax.vim
420.808  000.201  000.201: sourcing /usr/share/nvim/runtime/syntax/syncolor.vim
420.955  000.449  000.247: sourcing /usr/share/nvim/runtime/syntax/synload.vim
420.992  000.750  000.165: sourcing /usr/share/nvim/runtime/syntax/syntax.vim
421.574  000.296  000.296: sourcing /usr/share/nvim/runtime/autoload/provider/clipboard.vim
421.911  000.835  000.539: sourcing /home/dave/.config/nvim/config/general.vim
422.284  000.244  000.244: sourcing /home/dave/.config/nvim/config/filetype.vim
423.371  000.974  000.974: sourcing /home/dave/.config/nvim/config/mappings.vim
424.336  000.254  000.254: sourcing /usr/share/nvim/runtime/syntax/syncolor.vim
425.528  000.242  000.242: sourcing /usr/share/nvim/runtime/syntax/syncolor.vim
426.317  000.245  000.245: sourcing /usr/share/nvim/runtime/syntax/syncolor.vim
428.806  004.071  003.584: sourcing /home/dave/.cache/vim/dein/.cache/init.vim/.dein/colors/hybrid.vim
429.454  000.584  000.584: sourcing /home/dave/.config/nvim/themes/rafi-2017.vim
431.557  008.043  003.134: sourcing /home/dave/.config/nvim/config/theme.vim
431.613  400.130  360.572: sourcing /home/dave/.config/nvim/config/vimrc
431.896  000.093  000.093: sourcing /home/dave/.config/nvim/autoload/dway/base.vim
433.264  000.110  000.110: sourcing /home/dave/.config/nvim/config_dw_after/autocompletion.vim
433.662  000.328  000.328: sourcing /home/dave/.config/nvim/config_dw_after/commands.vim
434.075  000.319  000.319: sourcing /home/dave/.config/nvim/config_dw_after/ftsettings.vim
435.730  001.572  001.572: sourcing /home/dave/.config/nvim/config_dw_after/mappings.vim
435.816  000.019  000.019: sourcing /home/dave/.config/nvim/config_dw_after/pandoc.vim
438.775  001.590  001.590: sourcing /usr/share/nvim/runtime/ftoff.vim
440.078  000.197  000.197: sourcing /home/dave/.config/nvim/filetype.vim
464.641  001.988  001.988: sourcing /home/dave/.cache/vim/dein/.cache/init.vim/.dein/ftdetect/ftdetect.vim
464.838  024.602  022.614: sourcing /usr/share/nvim/runtime/filetype.vim
464.982  000.019  000.019: sourcing /usr/share/nvim/runtime/ftplugin.vim
465.107  000.014  000.014: sourcing /usr/share/nvim/runtime/indent.vim
465.184  029.258  002.836: sourcing /home/dave/.config/nvim/config_dw_after/plugged.vim
465.291  000.075  000.075: sourcing /home/dave/.config/nvim/config_dw_after/quickfiles.vim
465.407  000.087  000.087: sourcing /home/dave/.config/nvim/config_dw_after/settings.vim
465.637  000.198  000.198: sourcing /home/dave/.config/nvim/config_dw_after/terminal_nvim.vim
466.200  000.208  000.208: sourcing /home/dave/.config/nvim/config_dw_after/plugins/neomake.vim
466.265  000.031  000.031: sourcing /home/dave/.config/nvim/config_dw_after/plugins/nvim_ipy.vim
466.473  000.177  000.177: sourcing /home/dave/.config/nvim/config_dw_after/plugins/tagbar.vim
466.549  000.040  000.040: sourcing /home/dave/.config/nvim/config_dw_after/plugins/ultisnips.vim
466.593  000.012  000.012: sourcing /home/dave/.config/nvim/config_dw_after/plugins/vbugger.vim
466.705  000.086  000.086: sourcing /home/dave/.config/nvim/config_dw_after/plugins/vimwiki.vim
466.724  035.010  002.396: sourcing /home/dave/.config/nvim/load_dw.vim
466.834  000.077  000.077: sourcing /home/dave/Dropbox/ActiveHome/.settings/quickfiles.vim
467.929  000.294  000.294: sourcing /usr/share/nvim/runtime/syntax/syncolor.vim
468.756  000.276  000.276: sourcing /usr/share/nvim/runtime/syntax/syncolor.vim
471.244  004.241  003.672: sourcing /home/dave/.cache/vim/dein/.cache/init.vim/.dein/colors/hybrid.vim
471.866  000.554  000.554: sourcing /home/dave/.config/nvim/themes/rafi-2017.vim
476.742  000.676  000.676: sourcing /usr/share/nvim/runtime/syntax/syncolor.vim
478.979  000.737  000.737: sourcing /usr/share/nvim/runtime/syntax/syncolor.vim
485.550  011.062  009.650: sourcing /home/dave/.cache/vim/dein/.cache/init.vim/.dein/colors/hybrid.vim
486.993  001.281  001.281: sourcing /home/dave/.config/nvim/themes/rafi-2017.vim
492.385  488.200  008.839: sourcing /home/dave/.config/nvim/init.vim
492.396  000.177: sourcing vimrc file(s)
493.138  000.059  000.059: sourcing /home/dave/.cache/vim/dein/.cache/init.vim/.dein/autoload/vimfiler/custom.vim
493.313  000.523  000.464: sourcing /home/dave/.config/nvim/plugin/dwc-vimfiler.vim
493.529  000.189  000.189: sourcing /home/dave/.config/nvim/plugin/hlsearch.vim
493.723  000.167  000.167: sourcing /home/dave/.config/nvim/plugin/sessions.vim
494.082  000.332  000.332: sourcing /home/dave/.config/nvim/plugin/vault.vim
494.227  000.118  000.118: sourcing /home/dave/.config/nvim/plugin/whitespace.vim
495.320  001.004  001.004: sourcing /home/dave/.fzf/plugin/fzf.vim
496.515  000.093  000.093: sourcing /home/dave/.cache/vim/dein/.cache/init.vim/.dein/plugin/SyntaxRange.vim
497.038  000.126  000.126: sourcing /usr/share/nvim/runtime/autoload/provider/pythonx.vim
497.582  000.337  000.337: sourcing /usr/share/nvim/runtime/autoload/remote/host.vim
497.793  001.053  000.589: sourcing /usr/share/nvim/runtime/autoload/provider/python3.vim
498.212  000.152  000.152: sourcing /home/dave/.cache/vim/dein/.cache/init.vim/.dein/autoload/UltiSnips/map_keys.vim
498.392  001.848  000.644: sourcing /home/dave/.cache/vim/dein/.cache/init.vim/.dein/plugin/UltiSnips.vim
498.702  000.283  000.283: sourcing /home/dave/.cache/vim/dein/.cache/init.vim/.dein/plugin/ack.vim
500.246  001.517  001.517: sourcing /home/dave/.cache/vim/dein/.cache/init.vim/.dein/plugin/asyncrun.vim
502.302  002.025  002.025: sourcing /home/dave/.cache/vim/dein/.cache/init.vim/.dein/plugin/bufkill.vim
502.348  000.010  000.010: sourcing /home/dave/.cache/vim/dein/.cache/init.vim/.dein/plugin/buildit.vim
502.511  000.139  000.139: sourcing /home/dave/.cache/vim/dein/.cache/init.vim/.dein/plugin/cursorword.vim
502.943  000.402  000.402: sourcing /home/dave/.cache/vim/dein/.cache/init.vim/.dein/plugin/ditto.vim
504.596  001.582  001.582: sourcing /home/dave/.cache/vim/dein/.cache/init.vim/.dein/plugin/fzf.vim
504.767  000.139  000.139: sourcing /home/dave/.cache/vim/dein/.cache/init.vim/.dein/plugin/gitbranch.vim
505.539  000.738  000.738: sourcing /home/dave/.cache/vim/dein/.cache/init.vim/.dein/plugin/grammarous.vim
505.745  000.176  000.176: sourcing /home/dave/.cache/vim/dein/.cache/init.vim/.dein/plugin/localrc.vim
505.931  000.155  000.155: sourcing /home/dave/.cache/vim/dein/.cache/init.vim/.dein/plugin/parenmatch.vim
506.446  000.297  000.297: sourcing /home/dave/.cache/vim/dein/.cache/init.vim/.dein/autoload/peekaboo.vim
506.529  000.568  000.271: sourcing /home/dave/.cache/vim/dein/.cache/init.vim/.dein/plugin/peekaboo.vim
506.733  000.022  000.022: sourcing /home/dave/.cache/vim/dein/.cache/init.vim/.dein/autoload/xolox/misc.vim
506.982  000.423  000.401: sourcing /home/dave/.cache/vim/dein/.cache/init.vim/.dein/plugin/shell.vim
507.485  000.128  000.128: sourcing /usr/share/nvim/runtime/indoff.vim
507.609  000.023  000.023: sourcing /home/dave/.config/nvim/filetype.vim
507.727  000.021  000.021: sourcing /usr/share/nvim/runtime/filetype.vim
507.958  000.064  000.064: sourcing /usr/share/nvim/runtime/indent.vim
508.030  001.017  000.781: sourcing /home/dave/.cache/vim/dein/.cache/init.vim/.dein/plugin/sleuth.vim
509.414  001.361  001.361: sourcing /home/dave/.cache/vim/dein/.cache/init.vim/.dein/plugin/speeddating.vim
509.816  000.369  000.369: sourcing /home/dave/.cache/vim/dein/.cache/init.vim/.dein/plugin/tmux_navigator.vim
510.637  000.544  000.544: sourcing /home/dave/.cache/vim/dein/.cache/init.vim/.dein/autoload/unite/custom.vim
510.850  000.997  000.453: sourcing /home/dave/.cache/vim/dein/.cache/init.vim/.dein/plugin/unite/bookmark.vim
511.020  000.138  000.138: sourcing /home/dave/.cache/vim/dein/.cache/init.vim/.dein/plugin/unite/buffer.vim
511.192  000.142  000.142: sourcing /home/dave/.cache/vim/dein/.cache/init.vim/.dein/plugin/unite/window.vim
511.606  000.379  000.379: sourcing /home/dave/.cache/vim/dein/.cache/init.vim/.dein/plugin/unite.vim
512.665  001.036  001.036: sourcing /home/dave/.cache/vim/dein/.cache/init.vim/.dein/plugin/utl.vim
512.967  000.278  000.278: sourcing /home/dave/.cache/vim/dein/.cache/init.vim/.dein/plugin/utl_rc.vim
513.410  000.421  000.421: sourcing /home/dave/.cache/vim/dein/.cache/init.vim/.dein/plugin/utl_scm.vim
513.694  000.262  000.262: sourcing /home/dave/.cache/vim/dein/.cache/init.vim/.dein/plugin/utl_uri.vim
514.114  000.394  000.394: sourcing /home/dave/.cache/vim/dein/.cache/init.vim/.dein/plugin/vimfiler.vim
514.198  000.056  000.056: sourcing /home/dave/.cache/vim/dein/.cache/init.vim/.dein/plugin/vimsnippets.vim
515.110  000.888  000.888: sourcing /home/dave/.cache/vim/dein/.cache/init.vim/.dein/plugin/wordy.vim
515.188  000.049  000.049: sourcing /home/dave/.cache/vim/dein/.cache/init.vim/.dein/plugin/xolox/misc.vim
515.597  000.025  000.025: sourcing /usr/share/nvim/runtime/plugin/gui_shim.vim
515.648  000.027  000.027: sourcing /usr/share/nvim/runtime/plugin/gzip.vim
515.686  000.019  000.019: sourcing /usr/share/nvim/runtime/plugin/health.vim
515.787  000.083  000.083: sourcing /usr/share/nvim/runtime/plugin/man.vim
515.847  000.038  000.038: sourcing /usr/share/nvim/runtime/plugin/matchit.vim
515.888  000.022  000.022: sourcing /usr/share/nvim/runtime/plugin/matchparen.vim
515.938  000.031  000.031: sourcing /usr/share/nvim/runtime/plugin/netrwPlugin.vim
516.744  000.234  000.234: sourcing /usr/share/nvim/runtime/autoload/remote/define.vim
517.824  001.603  001.369: sourcing /home/dave/.local/share/nvim/rplugin.vim
517.836  001.879  000.276: sourcing /usr/share/nvim/runtime/plugin/rplugin.vim
517.884  000.028  000.028: sourcing /usr/share/nvim/runtime/plugin/rrhelper.vim
517.923  000.017  000.017: sourcing /usr/share/nvim/runtime/plugin/shada.vim
517.961  000.020  000.020: sourcing /usr/share/nvim/runtime/plugin/spellfile.vim
518.014  000.034  000.034: sourcing /usr/share/nvim/runtime/plugin/tarPlugin.vim
518.114  000.049  000.049: sourcing /usr/share/nvim/runtime/plugin/tohtml.vim
518.150  000.016  000.016: sourcing /usr/share/nvim/runtime/plugin/tutor.vim
518.199  000.031  000.031: sourcing /usr/share/nvim/runtime/plugin/zipPlugin.vim
518.304  000.028  000.028: sourcing /home/dave/.fzf/plugin/fzf.vim
518.311  003.350: loading plugins
518.463  000.152: loading packages
518.743  000.176  000.176: sourcing /home/dave/.cache/vim/dein/.cache/init.vim/.dein/after/plugin/UltiSnips_after.vim
519.251  000.484  000.484: sourcing /home/dave/.cache/vim/dein/.cache/init.vim/.dein/after/plugin/indentLine.vim
519.361  000.238: loading after plugins
519.379  000.018: inits 3
519.382  000.003: waiting for return
1619.528  1100.146: clearing screen
1621.145  000.205  000.205: sourcing /home/dave/.cache/vim/dein/.cache/init.vim/.dein/autoload/parenmatch.vim
1623.214  003.481: opening buffers
1624.165  000.204  000.204: sourcing /home/dave/.cache/vim/dein/.cache/init.vim/.dein/autoload/cursorword.vim
1624.614  000.187  000.187: sourcing /home/dave/.cache/vim/dein/.cache/init.vim/.dein/autoload/gitbranch.vim
1625.154  001.549: BufEnter autocommands
1625.163  000.009: editing files in windows
1625.978  000.220  000.220: sourcing /home/dave/.cache/vim/dein/.cache/init.vim/.dein/autoload/localrc.vim
1627.166  001.782: VimEnter autocommands
1627.175  000.010: before starting main loop
1628.244  000.383  000.383: sourcing /home/dave/.cache/vim/dein/.cache/init.vim/.dein/autoload/badge.vim
1632.832  005.274: first screen update
1632.845  000.012: --- NVIM STARTED ---
